c:\users\kga_3\documents\강수영\11212019\cuphead\cuphead_20191119\cuphead_20191118\cuphead_20191118\debug\vc141.pdb
c:\users\kga_3\documents\강수영\11212019\cuphead\cuphead_20191119\cuphead_20191118\cuphead_20191118\debug\vc141.idb
c:\users\kga_3\documents\강수영\11212019\cuphead\cuphead_20191119\cuphead_20191118\cuphead_20191118\debug\cuphead.obj
c:\users\kga_3\documents\강수영\11212019\cuphead\cuphead_20191119\cuphead_20191118\cuphead_20191118\debug\animation.obj
c:\users\kga_3\documents\강수영\11212019\cuphead\cuphead_20191119\cuphead_20191118\cuphead_20191118\debug\cuphead_20191118.pch
c:\users\kga_3\documents\강수영\11212019\cuphead\cuphead_20191119\cuphead_20191118\cuphead_20191118\debug\stdafx.obj
c:\users\kga_3\documents\강수영\11212019\cuphead\cuphead_20191119\cuphead_20191118\cuphead_20191118\debug\maingame.obj
c:\users\kga_3\documents\강수영\11212019\cuphead\cuphead_20191119\cuphead_20191118\cuphead_20191118\debug\keymanager.obj
c:\users\kga_3\documents\강수영\11212019\cuphead\cuphead_20191119\cuphead_20191118\cuphead_20191118\debug\gamenode.obj
c:\users\kga_3\documents\강수영\11212019\cuphead\cuphead_20191119\cuphead_20191118\cuphead_20191118\debug\cuphead_20191118.obj
c:\users\kga_3\documents\강수영\11212019\cuphead\cuphead_20191119\cuphead_20191118\cuphead_20191118\debug\tutorialscene.obj
c:\users\kga_3\documents\강수영\11212019\cuphead\cuphead_20191119\cuphead_20191118\cuphead_20191118\debug\titlescene.obj
c:\users\kga_3\documents\강수영\11212019\cuphead\cuphead_20191119\cuphead_20191118\cuphead_20191118\debug\timermanager.obj
c:\users\kga_3\documents\강수영\11212019\cuphead\cuphead_20191119\cuphead_20191118\cuphead_20191118\debug\timer.obj
c:\users\kga_3\documents\강수영\11212019\cuphead\cuphead_20191119\cuphead_20191118\cuphead_20191118\debug\soundmanager.obj
c:\users\kga_3\documents\강수영\11212019\cuphead\cuphead_20191119\cuphead_20191118\cuphead_20191118\debug\scenemanager.obj
c:\users\kga_3\documents\강수영\11212019\cuphead\cuphead_20191119\cuphead_20191118\cuphead_20191118\debug\menuscene.obj
c:\users\kga_3\documents\강수영\11212019\cuphead\cuphead_20191119\cuphead_20191118\cuphead_20191118\debug\logoscene.obj
c:\users\kga_3\documents\강수영\11212019\cuphead\cuphead_20191119\cuphead_20191118\cuphead_20191118\debug\loadingscene.obj
c:\users\kga_3\documents\강수영\11212019\cuphead\cuphead_20191119\cuphead_20191118\cuphead_20191118\debug\imagemanager.obj
c:\users\kga_3\documents\강수영\11212019\cuphead\cuphead_20191119\cuphead_20191118\cuphead_20191118\debug\image.obj
c:\users\kga_3\documents\강수영\11212019\cuphead\cuphead_20191119\cuphead_20191118\cuphead_20191118\debug\d2imagemanager.obj
c:\users\kga_3\documents\강수영\11212019\cuphead\cuphead_20191119\cuphead_20191118\cuphead_20191118\debug\d2image.obj
c:\users\kga_3\documents\강수영\11212019\cuphead\cuphead_20191119\cuphead_20191118\cuphead_20191118\debug\bullet.obj
c:\users\kga_3\documents\강수영\11212019\cuphead\cuphead_20191119\cuphead_20191118\cuphead_20191118\debug\txtdata.obj
c:\users\kga_3\documents\강수영\11212019\cuphead\cuphead_20191119\orginal\cuphead_20191118\cuphead_20191118\debug\cuphead_20191118.pch
c:\users\kga_3\documents\강수영\11212019\cuphead\cuphead_20191119\orginal\cuphead_20191118\cuphead_20191118\debug\vc141.pdb
c:\users\kga_3\documents\강수영\11212019\cuphead\cuphead_20191119\orginal\cuphead_20191118\cuphead_20191118\debug\vc141.idb
c:\users\kga_3\documents\강수영\11212019\cuphead\cuphead_20191119\orginal\cuphead_20191118\cuphead_20191118\debug\stdafx.obj
c:\users\kga_3\documents\강수영\11212019\cuphead\cuphead_20191119\orginal\cuphead_20191118\cuphead_20191118\debug\tutorialscene.obj
c:\users\kga_3\documents\강수영\11212019\cuphead\cuphead_20191119\orginal\cuphead_20191118\cuphead_20191118\debug\titlescene.obj
c:\users\kga_3\documents\강수영\11212019\cuphead\cuphead_20191119\orginal\cuphead_20191118\cuphead_20191118\debug\timermanager.obj
c:\users\kga_3\documents\강수영\11212019\cuphead\cuphead_20191119\orginal\cuphead_20191118\cuphead_20191118\debug\timer.obj
c:\users\kga_3\documents\강수영\11212019\cuphead\cuphead_20191119\orginal\cuphead_20191118\cuphead_20191118\debug\soundmanager.obj
c:\users\kga_3\documents\강수영\11212019\cuphead\cuphead_20191119\orginal\cuphead_20191118\cuphead_20191118\debug\scenemanager.obj
c:\users\kga_3\documents\강수영\11212019\cuphead\cuphead_20191119\orginal\cuphead_20191118\cuphead_20191118\debug\menuscene.obj
c:\users\kga_3\documents\강수영\11212019\cuphead\cuphead_20191119\orginal\cuphead_20191118\cuphead_20191118\debug\maingame.obj
c:\users\kga_3\documents\강수영\11212019\cuphead\cuphead_20191119\orginal\cuphead_20191118\cuphead_20191118\debug\logoscene.obj
c:\users\kga_3\documents\강수영\11212019\cuphead\cuphead_20191119\orginal\cuphead_20191118\cuphead_20191118\debug\loadingscene.obj
c:\users\kga_3\documents\강수영\11212019\cuphead\cuphead_20191119\orginal\cuphead_20191118\cuphead_20191118\debug\keymanager.obj
c:\users\kga_3\documents\강수영\11212019\cuphead\cuphead_20191119\orginal\cuphead_20191118\cuphead_20191118\debug\imagemanager.obj
c:\users\kga_3\documents\강수영\11212019\cuphead\cuphead_20191119\orginal\cuphead_20191118\cuphead_20191118\debug\image.obj
c:\users\kga_3\documents\강수영\11212019\cuphead\cuphead_20191119\orginal\cuphead_20191118\cuphead_20191118\debug\gamenode.obj
c:\users\kga_3\documents\강수영\11212019\cuphead\cuphead_20191119\orginal\cuphead_20191118\cuphead_20191118\debug\d2imagemanager.obj
c:\users\kga_3\documents\강수영\11212019\cuphead\cuphead_20191119\orginal\cuphead_20191118\cuphead_20191118\debug\d2image.obj
c:\users\kga_3\documents\강수영\11212019\cuphead\cuphead_20191119\orginal\cuphead_20191118\cuphead_20191118\debug\cuphead_20191118.obj
c:\users\kga_3\documents\강수영\11212019\cuphead\cuphead_20191119\orginal\cuphead_20191118\cuphead_20191118\debug\cuphead.obj
c:\users\kga_3\documents\강수영\11212019\cuphead\cuphead_20191119\orginal\cuphead_20191118\cuphead_20191118\debug\bullet.obj
c:\users\kga_3\documents\강수영\11212019\cuphead\cuphead_20191119\orginal\cuphead_20191118\cuphead_20191118\debug\animation.obj
c:\users\kga_3\documents\강수영\11212019\cuphead\cuphead_20191119\orginal\cuphead_20191118\cuphead_20191118\debug\txtdata.obj
c:\users\kga_3\documents\강수영\11212019\cuphead\cuphead_20191119\cuphead_20191118\debug\cuphead_20191118.exe
c:\users\kga_3\documents\강수영\11212019\cuphead\cuphead_20191119\cuphead_20191118\debug\cuphead_20191118.ilk
c:\users\kga_3\documents\강수영\11212019\cuphead\cuphead_20191119\cuphead_20191118\debug\cuphead_20191118.pdb
c:\users\kga_3\documents\강수영\11212019\cuphead\cuphead_20191119\orginal\cuphead_20191118\debug\cuphead_20191118.exe
c:\users\kga_3\documents\강수영\11212019\cuphead\cuphead_20191119\orginal\cuphead_20191118\debug\cuphead_20191118.ilk
c:\users\kga_3\documents\강수영\11212019\cuphead\cuphead_20191119\orginal\cuphead_20191118\debug\cuphead_20191118.pdb
c:\users\kga_3\documents\강수영\11212019\cuphead\cuphead_20191119\cuphead_20191118\cuphead_20191118\debug\cuphead_20191118.res
c:\users\kga_3\documents\강수영\11212019\cuphead\cuphead_20191119\orginal\cuphead_20191118\cuphead_20191118\debug\cuphead_20191118.res
c:\users\kga_3\documents\강수영\11212019\cuphead\cuphead_20191119\orginal\cuphead_20191118\cuphead_20191118\debug\pixelcollision.obj
c:\users\kga_3\documents\강수영\11212019\cuphead\cuphead_20191119\orginal\cuphead_20191118\cuphead_20191118\debug\d2image.obj.enc
c:\users\kga_3\documents\강수영\11212019\cuphead\cuphead_20191119\orginal\cuphead_20191118\cuphead_20191118\debug\gamenode.obj.enc
c:\users\kga_3\documents\강수영\11212019\cuphead\cuphead_20191119\orginal\cuphead_20191118\cuphead_20191118\debug\maingame.obj.enc
c:\users\kga_3\documents\강수영\11212019\cuphead\cuphead_20191119\orginal\cuphead_20191118\cuphead_20191118\debug\cuphead_20191118.tlog\cl.command.1.tlog
c:\users\kga_3\documents\강수영\11212019\cuphead\cuphead_20191119\orginal\cuphead_20191118\cuphead_20191118\debug\cuphead_20191118.tlog\cl.read.1.tlog
c:\users\kga_3\documents\강수영\11212019\cuphead\cuphead_20191119\orginal\cuphead_20191118\cuphead_20191118\debug\cuphead_20191118.tlog\cl.write.1.tlog
c:\users\kga_3\documents\강수영\11212019\cuphead\cuphead_20191119\orginal\cuphead_20191118\cuphead_20191118\debug\cuphead_20191118.tlog\link.command.1.tlog
c:\users\kga_3\documents\강수영\11212019\cuphead\cuphead_20191119\orginal\cuphead_20191118\cuphead_20191118\debug\cuphead_20191118.tlog\link.read.1.tlog
c:\users\kga_3\documents\강수영\11212019\cuphead\cuphead_20191119\orginal\cuphead_20191118\cuphead_20191118\debug\cuphead_20191118.tlog\link.write.1.tlog
c:\users\kga_3\documents\강수영\11212019\cuphead\cuphead_20191119\orginal\cuphead_20191118\cuphead_20191118\debug\cuphead_20191118.tlog\rc.command.1.tlog
c:\users\kga_3\documents\강수영\11212019\cuphead\cuphead_20191119\orginal\cuphead_20191118\cuphead_20191118\debug\cuphead_20191118.tlog\rc.read.1.tlog
c:\users\kga_3\documents\강수영\11212019\cuphead\cuphead_20191119\orginal\cuphead_20191118\cuphead_20191118\debug\cuphead_20191118.tlog\rc.write.1.tlog
